<?xml version="1.0" encoding="UTF-8"?>
<!-- Generated by org.testng.reporters.JUnitXMLReporter -->
<testsuite hostname="sivareddy" name="Default test" tests="4" failures="0" timestamp="26 Jun 2020 05:18:49 GMT" time="97.947" errors="0">
  <testcase name="testIsSubmitButtonPresent" time="14.954" classname="test.selenium.web.SeleniumWebTest"/>
  <testcase name="testIsResetButtonPresent" time="1.528" classname="test.selenium.web.SeleniumWebTest"/>
  <testcase name="testIsOkButtonPresent" time="1.562" classname="test.selenium.web.SeleniumWebTest"/>
  <testcase name="testIsImagePresent" time="68.346" classname="test.selenium.web.SeleniumWebTest"/>
</testsuite> <!-- Default test -->
