<?xml version="1.0" encoding="UTF-8"?>
<testng-results skipped="0" failed="0" total="4" passed="4">
  <reporter-output>
  </reporter-output>
  <suite name="Default suite" duration-ms="97947" started-at="2020-06-26T05:17:11Z" finished-at="2020-06-26T05:18:49Z">
    <groups>
    </groups>
    <test name="Default test" duration-ms="97947" started-at="2020-06-26T05:17:11Z" finished-at="2020-06-26T05:18:49Z">
      <class name="test.selenium.web.SeleniumWebTest">
        <test-method status="PASS" signature="springTestContextBeforeTestClass()[pri:0, instance:test.selenium.web.SeleniumWebTest@cee291]" name="springTestContextBeforeTestClass" is-config="true" duration-ms="47" started-at="2020-06-26T10:47:11Z" finished-at="2020-06-26T10:47:11Z">
          <reporter-output>
          </reporter-output>
        </test-method> <!-- springTestContextBeforeTestClass -->
        <test-method status="PASS" signature="springTestContextPrepareTestInstance()[pri:0, instance:test.selenium.web.SeleniumWebTest@cee291]" name="springTestContextPrepareTestInstance" is-config="true" duration-ms="1959" started-at="2020-06-26T10:47:11Z" depends-on-methods="org.springframework.test.context.testng.AbstractTestNGSpringContextTests.springTestContextBeforeTestClass" finished-at="2020-06-26T10:47:13Z">
          <reporter-output>
          </reporter-output>
        </test-method> <!-- springTestContextPrepareTestInstance -->
        <test-method status="PASS" signature="initDriver()[pri:0, instance:test.selenium.web.SeleniumWebTest@cee291]" name="initDriver" is-config="true" duration-ms="9379" started-at="2020-06-26T10:47:13Z" finished-at="2020-06-26T10:47:23Z">
          <reporter-output>
          </reporter-output>
        </test-method> <!-- initDriver -->
        <test-method status="PASS" signature="setup()[pri:0, instance:test.selenium.web.SeleniumWebTest@cee291]" name="setup" is-config="true" duration-ms="0" started-at="2020-06-26T10:47:23Z" finished-at="2020-06-26T10:47:23Z">
          <reporter-output>
          </reporter-output>
        </test-method> <!-- setup -->
        <test-method status="PASS" signature="springTestContextBeforeTestMethod(java.lang.reflect.Method)[pri:0, instance:test.selenium.web.SeleniumWebTest@cee291]" name="springTestContextBeforeTestMethod" is-config="true" duration-ms="0" started-at="2020-06-26T10:47:23Z" finished-at="2020-06-26T10:47:23Z">
          <params>
            <param index="0">
              <value>
                <![CDATA[public void test.selenium.web.SeleniumWebTest.testIsSubmitButtonPresent()]]>
              </value>
            </param>
          </params>
          <reporter-output>
          </reporter-output>
        </test-method> <!-- springTestContextBeforeTestMethod -->
        <test-method status="PASS" signature="testIsSubmitButtonPresent()[pri:0, instance:test.selenium.web.SeleniumWebTest@cee291]" name="testIsSubmitButtonPresent" duration-ms="14954" started-at="2020-06-26T10:47:23Z" finished-at="2020-06-26T10:47:38Z">
          <reporter-output>
          </reporter-output>
        </test-method> <!-- testIsSubmitButtonPresent -->
        <test-method status="PASS" signature="springTestContextAfterTestMethod(java.lang.reflect.Method)[pri:0, instance:test.selenium.web.SeleniumWebTest@cee291]" name="springTestContextAfterTestMethod" is-config="true" duration-ms="0" started-at="2020-06-26T10:47:38Z" finished-at="2020-06-26T10:47:38Z">
          <params>
            <param index="0">
              <value>
                <![CDATA[public void test.selenium.web.SeleniumWebTest.testIsSubmitButtonPresent()]]>
              </value>
            </param>
          </params>
          <reporter-output>
          </reporter-output>
        </test-method> <!-- springTestContextAfterTestMethod -->
        <test-method status="PASS" signature="testIsResetButtonPresent()[pri:0, instance:test.selenium.web.SeleniumWebTest@cee291]" name="testIsResetButtonPresent" duration-ms="1528" started-at="2020-06-26T10:47:38Z" finished-at="2020-06-26T10:47:39Z">
          <reporter-output>
          </reporter-output>
        </test-method> <!-- testIsResetButtonPresent -->
        <test-method status="PASS" signature="springTestContextBeforeTestMethod(java.lang.reflect.Method)[pri:0, instance:test.selenium.web.SeleniumWebTest@cee291]" name="springTestContextBeforeTestMethod" is-config="true" duration-ms="0" started-at="2020-06-26T10:47:38Z" finished-at="2020-06-26T10:47:38Z">
          <params>
            <param index="0">
              <value>
                <![CDATA[public void test.selenium.web.SeleniumWebTest.testIsResetButtonPresent()]]>
              </value>
            </param>
          </params>
          <reporter-output>
          </reporter-output>
        </test-method> <!-- springTestContextBeforeTestMethod -->
        <test-method status="PASS" signature="springTestContextAfterTestMethod(java.lang.reflect.Method)[pri:0, instance:test.selenium.web.SeleniumWebTest@cee291]" name="springTestContextAfterTestMethod" is-config="true" duration-ms="0" started-at="2020-06-26T10:47:39Z" finished-at="2020-06-26T10:47:39Z">
          <params>
            <param index="0">
              <value>
                <![CDATA[public void test.selenium.web.SeleniumWebTest.testIsResetButtonPresent()]]>
              </value>
            </param>
          </params>
          <reporter-output>
          </reporter-output>
        </test-method> <!-- springTestContextAfterTestMethod -->
        <test-method status="PASS" signature="testIsOkButtonPresent()[pri:0, instance:test.selenium.web.SeleniumWebTest@cee291]" name="testIsOkButtonPresent" duration-ms="1562" started-at="2020-06-26T10:47:39Z" finished-at="2020-06-26T10:47:41Z">
          <reporter-output>
          </reporter-output>
        </test-method> <!-- testIsOkButtonPresent -->
        <test-method status="PASS" signature="springTestContextBeforeTestMethod(java.lang.reflect.Method)[pri:0, instance:test.selenium.web.SeleniumWebTest@cee291]" name="springTestContextBeforeTestMethod" is-config="true" duration-ms="0" started-at="2020-06-26T10:47:39Z" finished-at="2020-06-26T10:47:39Z">
          <params>
            <param index="0">
              <value>
                <![CDATA[public void test.selenium.web.SeleniumWebTest.testIsOkButtonPresent()]]>
              </value>
            </param>
          </params>
          <reporter-output>
          </reporter-output>
        </test-method> <!-- springTestContextBeforeTestMethod -->
        <test-method status="PASS" signature="springTestContextAfterTestMethod(java.lang.reflect.Method)[pri:0, instance:test.selenium.web.SeleniumWebTest@cee291]" name="springTestContextAfterTestMethod" is-config="true" duration-ms="16" started-at="2020-06-26T10:47:41Z" finished-at="2020-06-26T10:47:41Z">
          <params>
            <param index="0">
              <value>
                <![CDATA[public void test.selenium.web.SeleniumWebTest.testIsOkButtonPresent()]]>
              </value>
            </param>
          </params>
          <reporter-output>
          </reporter-output>
        </test-method> <!-- springTestContextAfterTestMethod -->
        <test-method status="PASS" signature="springTestContextBeforeTestMethod(java.lang.reflect.Method)[pri:0, instance:test.selenium.web.SeleniumWebTest@cee291]" name="springTestContextBeforeTestMethod" is-config="true" duration-ms="0" started-at="2020-06-26T10:47:41Z" finished-at="2020-06-26T10:47:41Z">
          <params>
            <param index="0">
              <value>
                <![CDATA[public void test.selenium.web.SeleniumWebTest.testIsImagePresent()]]>
              </value>
            </param>
          </params>
          <reporter-output>
          </reporter-output>
        </test-method> <!-- springTestContextBeforeTestMethod -->
        <test-method status="PASS" signature="testIsImagePresent()[pri:0, instance:test.selenium.web.SeleniumWebTest@cee291]" name="testIsImagePresent" duration-ms="68346" started-at="2020-06-26T10:47:41Z" finished-at="2020-06-26T10:48:49Z">
          <reporter-output>
          </reporter-output>
        </test-method> <!-- testIsImagePresent -->
        <test-method status="PASS" signature="springTestContextAfterTestClass()[pri:0, instance:test.selenium.web.SeleniumWebTest@cee291]" name="springTestContextAfterTestClass" is-config="true" duration-ms="0" started-at="2020-06-26T10:48:49Z" finished-at="2020-06-26T10:48:49Z">
          <reporter-output>
          </reporter-output>
        </test-method> <!-- springTestContextAfterTestClass -->
        <test-method status="PASS" signature="springTestContextAfterTestMethod(java.lang.reflect.Method)[pri:0, instance:test.selenium.web.SeleniumWebTest@cee291]" name="springTestContextAfterTestMethod" is-config="true" duration-ms="0" started-at="2020-06-26T10:48:49Z" finished-at="2020-06-26T10:48:49Z">
          <params>
            <param index="0">
              <value>
                <![CDATA[public void test.selenium.web.SeleniumWebTest.testIsImagePresent()]]>
              </value>
            </param>
          </params>
          <reporter-output>
          </reporter-output>
        </test-method> <!-- springTestContextAfterTestMethod -->
      </class> <!-- test.selenium.web.SeleniumWebTest -->
    </test> <!-- Default test -->
  </suite> <!-- Default suite -->
</testng-results>
